[INFO] Scanning for projects...
[INFO] 
[INFO] ------------------------< com.yatraai:gateway >-------------------------
[INFO] Building gateway 0.0.1-SNAPSHOT
[INFO]   from pom.xml
[INFO] --------------------------------[ jar ]---------------------------------
[INFO] 
[INFO] >>> spring-boot:3.2.3:run (default-cli) > test-compile @ gateway >>>
[INFO] 
[INFO] --- resources:3.3.1:resources (default-resources) @ gateway ---
[INFO] Copying 1 resource from src/main/resources to target/classes
[INFO] Copying 0 resource from src/main/resources to target/classes
[INFO] 
[INFO] --- compiler:3.11.0:compile (default-compile) @ gateway ---
[INFO] Changes detected - recompiling the module! :source
[INFO] Compiling 27 source files with javac [debug release 21] to target/classes
[INFO] Annotation processing is enabled because one or more processors were found
  on the class path. A future release of javac may disable annotation processing
  unless at least one processor is specified by name (-processor), or a search
  path is specified (--processor-path, --processor-module-path), or annotation
  processing is enabled explicitly (-proc:only, -proc:full).
  Use -Xlint:-options to suppress this message.
  Use -proc:none to disable annotation processing.
[INFO] /home/ashutosh/Desktop/NO-AI-USE/Yatri-Ai/gateway/src/main/java/com/yatraai/gateway/filter/RateLimitFilter.java: /home/ashutosh/Desktop/NO-AI-USE/Yatri-Ai/gateway/src/main/java/com/yatraai/gateway/filter/RateLimitFilter.java uses or overrides a deprecated API.
[INFO] /home/ashutosh/Desktop/NO-AI-USE/Yatri-Ai/gateway/src/main/java/com/yatraai/gateway/filter/RateLimitFilter.java: Recompile with -Xlint:deprecation for details.
[INFO] 
[INFO] --- resources:3.3.1:testResources (default-testResources) @ gateway ---
[INFO] skip non existing resourceDirectory /home/ashutosh/Desktop/NO-AI-USE/Yatri-Ai/gateway/src/test/resources
[INFO] 
[INFO] --- compiler:3.11.0:testCompile (default-testCompile) @ gateway ---
[INFO] Changes detected - recompiling the module! :dependency
[INFO] 
[INFO] <<< spring-boot:3.2.3:run (default-cli) < test-compile @ gateway <<<
[INFO] 
[INFO] 
[INFO] --- spring-boot:3.2.3:run (default-cli) @ gateway ---
[INFO] Attaching agents: []

  .   ____          _            __ _ _
 /\\ / ___'_ __ _ _(_)_ __  __ _ \ \ \ \
( ( )\___ | '_ | '_| | '_ \/ _` | \ \ \ \
 \\/  ___)| |_)| | | | | || (_| |  ) ) ) )
  '  |____| .__|_| |_|_| |_\__, | / / / /
 =========|_|==============|___/=/_/_/_/
 :: Spring Boot ::                (v3.2.3)

2026-05-03T22:38:53.340+05:30  INFO 18527 --- [           main] com.yatraai.gateway.GatewayApplication   : Starting GatewayApplication using Java 21.0.10 with PID 18527 (/home/ashutosh/Desktop/NO-AI-USE/Yatri-Ai/gateway/target/classes started by ashutosh in /home/ashutosh/Desktop/NO-AI-USE/Yatri-Ai/gateway)
2026-05-03T22:38:53.342+05:30  INFO 18527 --- [           main] com.yatraai.gateway.GatewayApplication   : No active profile set, falling back to 1 default profile: "default"
2026-05-03T22:38:54.373+05:30  INFO 18527 --- [           main] .s.d.r.c.RepositoryConfigurationDelegate : Multiple Spring Data modules found, entering strict repository configuration mode
2026-05-03T22:38:54.375+05:30  INFO 18527 --- [           main] .s.d.r.c.RepositoryConfigurationDelegate : Bootstrapping Spring Data JPA repositories in DEFAULT mode.
2026-05-03T22:38:54.508+05:30  INFO 18527 --- [           main] .s.d.r.c.RepositoryConfigurationDelegate : Finished Spring Data repository scanning in 114 ms. Found 3 JPA repository interfaces.
2026-05-03T22:38:54.521+05:30  INFO 18527 --- [           main] .s.d.r.c.RepositoryConfigurationDelegate : Multiple Spring Data modules found, entering strict repository configuration mode
2026-05-03T22:38:54.522+05:30  INFO 18527 --- [           main] .s.d.r.c.RepositoryConfigurationDelegate : Bootstrapping Spring Data Redis repositories in DEFAULT mode.
2026-05-03T22:38:54.536+05:30  INFO 18527 --- [           main] .RepositoryConfigurationExtensionSupport : Spring Data Redis - Could not safely identify store assignment for repository candidate interface com.yatraai.gateway.repository.RefreshTokenRepository; If you want this repository to be a Redis repository, consider annotating your entities with one of these annotations: org.springframework.data.redis.core.RedisHash (preferred), or consider extending one of the following types with your repository: org.springframework.data.keyvalue.repository.KeyValueRepository
2026-05-03T22:38:54.536+05:30  INFO 18527 --- [           main] .RepositoryConfigurationExtensionSupport : Spring Data Redis - Could not safely identify store assignment for repository candidate interface com.yatraai.gateway.repository.UserPreferenceRepository; If you want this repository to be a Redis repository, consider annotating your entities with one of these annotations: org.springframework.data.redis.core.RedisHash (preferred), or consider extending one of the following types with your repository: org.springframework.data.keyvalue.repository.KeyValueRepository
2026-05-03T22:38:54.537+05:30  INFO 18527 --- [           main] .RepositoryConfigurationExtensionSupport : Spring Data Redis - Could not safely identify store assignment for repository candidate interface com.yatraai.gateway.repository.UserRepository; If you want this repository to be a Redis repository, consider annotating your entities with one of these annotations: org.springframework.data.redis.core.RedisHash (preferred), or consider extending one of the following types with your repository: org.springframework.data.keyvalue.repository.KeyValueRepository
2026-05-03T22:38:54.537+05:30  INFO 18527 --- [           main] .s.d.r.c.RepositoryConfigurationDelegate : Finished Spring Data repository scanning in 6 ms. Found 0 Redis repository interfaces.
2026-05-03T22:38:55.193+05:30  INFO 18527 --- [           main] o.s.b.w.embedded.tomcat.TomcatWebServer  : Tomcat initialized with port 8080 (http)
2026-05-03T22:38:55.204+05:30  INFO 18527 --- [           main] o.apache.catalina.core.StandardService   : Starting service [Tomcat]
2026-05-03T22:38:55.204+05:30  INFO 18527 --- [           main] o.apache.catalina.core.StandardEngine    : Starting Servlet engine: [Apache Tomcat/10.1.19]
2026-05-03T22:38:55.277+05:30  INFO 18527 --- [           main] o.a.c.c.C.[Tomcat].[localhost].[/]       : Initializing Spring embedded WebApplicationContext
2026-05-03T22:38:55.278+05:30  INFO 18527 --- [           main] w.s.c.ServletWebServerApplicationContext : Root WebApplicationContext: initialization completed in 1897 ms
2026-05-03T22:38:56.070+05:30  INFO 18527 --- [           main] o.hibernate.jpa.internal.util.LogHelper  : HHH000204: Processing PersistenceUnitInfo [name: default]
2026-05-03T22:38:56.105+05:30  INFO 18527 --- [           main] org.hibernate.Version                    : HHH000412: Hibernate ORM core version 6.4.4.Final
2026-05-03T22:38:56.128+05:30  INFO 18527 --- [           main] o.h.c.internal.RegionFactoryInitiator    : HHH000026: Second-level cache disabled
2026-05-03T22:38:56.189+05:30  INFO 18527 --- [           main] com.zaxxer.hikari.HikariDataSource       : HikariPool-1 - Starting...
2026-05-03T22:38:56.300+05:30  INFO 18527 --- [           main] com.zaxxer.hikari.pool.HikariPool        : HikariPool-1 - Added connection org.postgresql.jdbc.PgConnection@4db4431b
2026-05-03T22:38:56.301+05:30  INFO 18527 --- [           main] com.zaxxer.hikari.HikariDataSource       : HikariPool-1 - Start completed.
2026-05-03T22:38:56.462+05:30  INFO 18527 --- [           main] o.s.o.j.p.SpringPersistenceUnitInfo      : No LoadTimeWeaver setup: ignoring JPA class transformer
2026-05-03T22:38:57.320+05:30  INFO 18527 --- [           main] o.h.e.t.j.p.i.JtaPlatformInitiator       : HHH000489: No JTA platform available (set 'hibernate.transaction.jta.platform' to enable JTA platform integration)
2026-05-03T22:38:57.355+05:30  INFO 18527 --- [           main] j.LocalContainerEntityManagerFactoryBean : Initialized JPA EntityManagerFactory for persistence unit 'default'
2026-05-03T22:38:58.220+05:30  WARN 18527 --- [           main] .s.s.UserDetailsServiceAutoConfiguration : 

Using generated security password: 81aca428-b449-4367-a080-5f08adccb63c

This generated password is for development use only. Your security configuration must be updated before running your application in production.

2026-05-03T22:38:58.656+05:30  INFO 18527 --- [           main] o.s.b.a.e.web.EndpointLinksResolver      : Exposing 3 endpoint(s) beneath base path '/actuator'
2026-05-03T22:38:58.725+05:30  INFO 18527 --- [           main] o.s.s.web.DefaultSecurityFilterChain     : Will secure any request with [org.springframework.security.web.session.DisableEncodeUrlFilter@698c19ef, org.springframework.security.web.context.request.async.WebAsyncManagerIntegrationFilter@713935c8, org.springframework.security.web.context.SecurityContextHolderFilter@fbcc62a, org.springframework.security.web.header.HeaderWriterFilter@4d0927df, org.springframework.web.filter.CorsFilter@11120583, org.springframework.security.web.authentication.logout.LogoutFilter@7dd4f726, com.yatraai.gateway.filter.JwtAuthFilter@7fd751de, org.springframework.security.web.savedrequest.RequestCacheAwareFilter@21304869, org.springframework.security.web.servletapi.SecurityContextHolderAwareRequestFilter@9353d68, org.springframework.security.web.authentication.AnonymousAuthenticationFilter@1cf38112, org.springframework.security.web.session.SessionManagementFilter@6044311a, org.springframework.security.web.access.ExceptionTranslationFilter@685efb22, org.springframework.security.web.access.intercept.AuthorizationFilter@6921e251]
2026-05-03T22:38:59.316+05:30  INFO 18527 --- [           main] o.s.b.w.embedded.tomcat.TomcatWebServer  : Tomcat started on port 8080 (http) with context path ''
2026-05-03T22:38:59.330+05:30  INFO 18527 --- [           main] com.yatraai.gateway.GatewayApplication   : Started GatewayApplication in 6.33 seconds (process running for 6.631)
2026-05-03T22:39:02.649+05:30  INFO 18527 --- [omcat-handler-0] o.a.c.c.C.[Tomcat].[localhost].[/]       : Initializing Spring DispatcherServlet 'dispatcherServlet'
2026-05-03T22:39:02.649+05:30  INFO 18527 --- [omcat-handler-0] o.s.web.servlet.DispatcherServlet        : Initializing Servlet 'dispatcherServlet'
2026-05-03T22:39:02.650+05:30  INFO 18527 --- [omcat-handler-0] o.s.web.servlet.DispatcherServlet        : Completed initialization in 1 ms
2026-05-03T22:39:03.362+05:30  INFO 18527 --- [ionShutdownHook] o.s.b.w.e.tomcat.GracefulShutdown        : Commencing graceful shutdown. Waiting for active requests to complete
2026-05-03T22:39:03.363+05:30  INFO 18527 --- [tomcat-shutdown] o.s.b.w.e.tomcat.GracefulShutdown        : Graceful shutdown complete
2026-05-03T22:39:03.375+05:30  INFO 18527 --- [ionShutdownHook] j.LocalContainerEntityManagerFactoryBean : Closing JPA EntityManagerFactory for persistence unit 'default'
2026-05-03T22:39:03.376+05:30  INFO 18527 --- [ionShutdownHook] com.zaxxer.hikari.HikariDataSource       : HikariPool-1 - Shutdown initiated...
2026-05-03T22:39:03.379+05:30  INFO 18527 --- [ionShutdownHook] com.zaxxer.hikari.HikariDataSource       : HikariPool-1 - Shutdown completed.
